<?xml version="1.0" encoding="UTF-8"?>
<!-- Generated by org.testng.reporters.JUnitXMLReporter -->
<testsuite hostname="DESKTOP-VJ7VU4J" ignored="0" name="Test" tests="3" failures="0" timestamp="2020-06-05T23:08:14 EDT" time="2.532" errors="0">
  <testcase name="@BeforeMethod setUp" time="2.453" classname="com.testbase.BaseClass">
    <failure type="org.openqa.selenium.SessionNotCreatedException" message="session not created: This version of ChromeDriver only supports Chrome version 81
Build info: version: &amp;apos;3.141.59&amp;apos;, revision: &amp;apos;e82be7d358&amp;apos;, time: &amp;apos;2018-11-14T08:25:48&amp;apos;
System info: host: &amp;apos;DESKTOP-VJ7VU4J&amp;apos;, ip: &amp;apos;192.168.1.2&amp;apos;, os.name: &amp;apos;Windows 10&amp;apos;, os.arch: &amp;apos;amd64&amp;apos;, os.version: &amp;apos;10.0&amp;apos;, java.version: &amp;apos;1.8.0_161&amp;apos;
Driver info: driver.version: ChromeDriver
remote stacktrace: Backtrace:
	Ordinal0 [0x00825F73+2449267]
	Ordinal0 [0x00758361+1606497]
	Ordinal0 [0x0064F969+522601]
	Ordinal0 [0x005E05F3+67059]
	Ordinal0 [0x005DCD92+52626]
	Ordinal0 [0x005FC127+180519]
	Ordinal0 [0x005FBF2D+180013]
	Ordinal0 [0x005F9E5B+171611]
	Ordinal0 [0x005E1DD8+73176]
	Ordinal0 [0x005E2E50+77392]
	Ordinal0 [0x005E2DE9+77289]
	Ordinal0 [0x0076D8D7+1693911]
	GetHandleVerifier [0x008C4036+522726]
	GetHandleVerifier [0x008C3D74+522020]
	GetHandleVerifier [0x008D9187+609079]
	GetHandleVerifier [0x008C48A6+524886]
	Ordinal0 [0x00765CBC+1662140]
	Ordinal0 [0x0076F23B+1700411]
	Ordinal0 [0x0076F3A3+1700771]
	Ordinal0 [0x00785215+1790485]
	BaseThreadInitThunk [0x75586359+25]
	RtlGetAppContainerNamedObjectPath [0x77537C24+228]
	RtlGetAppContainerNamedObjectPath [0x77537BF4+180]
">
      <![CDATA[org.openqa.selenium.SessionNotCreatedException: session not created: This version of ChromeDriver only supports Chrome version 81
Build info: version: '3.141.59', revision: 'e82be7d358', time: '2018-11-14T08:25:48'
System info: host: 'DESKTOP-VJ7VU4J', ip: '192.168.1.2', os.name: 'Windows 10', os.arch: 'amd64', os.version: '10.0', java.version: '1.8.0_161'
Driver info: driver.version: ChromeDriver
remote stacktrace: Backtrace:
Ordinal0 [0x00825F73+2449267]
Ordinal0 [0x00758361+1606497]
Ordinal0 [0x0064F969+522601]
Ordinal0 [0x005E05F3+67059]
Ordinal0 [0x005DCD92+52626]
Ordinal0 [0x005FC127+180519]
Ordinal0 [0x005FBF2D+180013]
Ordinal0 [0x005F9E5B+171611]
Ordinal0 [0x005E1DD8+73176]
Ordinal0 [0x005E2E50+77392]
Ordinal0 [0x005E2DE9+77289]
Ordinal0 [0x0076D8D7+1693911]
GetHandleVerifier [0x008C4036+522726]
GetHandleVerifier [0x008C3D74+522020]
GetHandleVerifier [0x008D9187+609079]
GetHandleVerifier [0x008C48A6+524886]
Ordinal0 [0x00765CBC+1662140]
Ordinal0 [0x0076F23B+1700411]
Ordinal0 [0x0076F3A3+1700771]
Ordinal0 [0x00785215+1790485]
BaseThreadInitThunk [0x75586359+25]
RtlGetAppContainerNamedObjectPath [0x77537C24+228]
RtlGetAppContainerNamedObjectPath [0x77537BF4+180]

at org.openqa.selenium.remote.W3CHandshakeResponse.lambda$errorHandler$0(W3CHandshakeResponse.java:62)
at org.openqa.selenium.remote.HandshakeResponse.lambda$getResponseFunction$0(HandshakeResponse.java:30)
at org.openqa.selenium.remote.ProtocolHandshake.lambda$createSession$0(ProtocolHandshake.java:126)
at java.util.stream.ReferencePipeline$3$1.accept(Unknown Source)
at java.util.Spliterators$ArraySpliterator.tryAdvance(Unknown Source)
at java.util.stream.ReferencePipeline.forEachWithCancel(Unknown Source)
at java.util.stream.AbstractPipeline.copyIntoWithCancel(Unknown Source)
at java.util.stream.AbstractPipeline.copyInto(Unknown Source)
at java.util.stream.AbstractPipeline.wrapAndCopyInto(Unknown Source)
at java.util.stream.FindOps$FindOp.evaluateSequential(Unknown Source)
at java.util.stream.AbstractPipeline.evaluate(Unknown Source)
at java.util.stream.ReferencePipeline.findFirst(Unknown Source)
at org.openqa.selenium.remote.ProtocolHandshake.createSession(ProtocolHandshake.java:128)
at org.openqa.selenium.remote.ProtocolHandshake.createSession(ProtocolHandshake.java:74)
at org.openqa.selenium.remote.HttpCommandExecutor.execute(HttpCommandExecutor.java:136)
at org.openqa.selenium.remote.service.DriverCommandExecutor.execute(DriverCommandExecutor.java:83)
at org.openqa.selenium.remote.RemoteWebDriver.execute(RemoteWebDriver.java:552)
at org.openqa.selenium.remote.RemoteWebDriver.startSession(RemoteWebDriver.java:213)
at org.openqa.selenium.remote.RemoteWebDriver.<init>(RemoteWebDriver.java:131)
at org.openqa.selenium.chrome.ChromeDriver.<init>(ChromeDriver.java:181)
at org.openqa.selenium.chrome.ChromeDriver.<init>(ChromeDriver.java:168)
at org.openqa.selenium.chrome.ChromeDriver.<init>(ChromeDriver.java:123)
at com.testbase.BaseClass.setUp(BaseClass.java:29)
at java.util.ArrayList.forEach(Unknown Source)
... Removed 35 stack frames]]>
    </failure>
  </testcase> <!-- @BeforeMethod setUp -->
  <testcase name="@AfterMethod tearDown" time="-1.59141289489E9" classname="com.testbase.BaseClass">
    <skipped/>
  </testcase> <!-- @AfterMethod tearDown -->
  <testcase name="@BeforeMethod setUp" time="-1.591412894892E9" classname="com.testbase.BaseClass">
    <skipped/>
  </testcase> <!-- @BeforeMethod setUp -->
  <testcase name="@AfterMethod tearDown" time="-1.591412894898E9" classname="com.testbase.BaseClass">
    <skipped/>
  </testcase> <!-- @AfterMethod tearDown -->
  <testcase name="@BeforeMethod setUp" time="-1.591412894899E9" classname="com.testbase.BaseClass">
    <skipped/>
  </testcase> <!-- @BeforeMethod setUp -->
  <testcase name="@AfterMethod tearDown" time="-1.591412894903E9" classname="com.testbase.BaseClass">
    <skipped/>
  </testcase> <!-- @AfterMethod tearDown -->
  <testcase name="emptyUsernameLogin" time="0.0" classname="com.hrms.testcases.LoginTest">
    <skipped/>
  </testcase> <!-- emptyUsernameLogin -->
  <testcase name="invalidPasswordLogin" time="0.0" classname="com.hrms.testcases.LoginTest">
    <skipped/>
  </testcase> <!-- invalidPasswordLogin -->
  <testcase name="validAdminLogin" time="0.0" classname="com.hrms.testcases.LoginTest">
    <skipped/>
  </testcase> <!-- validAdminLogin -->
</testsuite> <!-- Test -->
